2021/12/18 06:48:10 [notice] 1#1: using the "epoll" event method
2021/12/18 06:48:10 [notice] 1#1: nginx/1.21.4
2021/12/18 06:48:10 [notice] 1#1: built by gcc 10.2.1 20210110 (Debian 10.2.1-6) 
2021/12/18 06:48:10 [notice] 1#1: OS: Linux 5.10.60.1-microsoft-standard-WSL2
2021/12/18 06:48:10 [notice] 1#1: getrlimit(RLIMIT_NOFILE): 1048576:1048576
2021/12/18 06:48:10 [notice] 1#1: start worker processes
2021/12/18 06:48:10 [notice] 1#1: start worker process 23
2021/12/18 06:48:10 [notice] 1#1: start worker process 24
2021/12/18 06:48:10 [notice] 1#1: start worker process 25
2021/12/18 06:48:10 [notice] 1#1: start worker process 26
2021/12/18 06:48:10 [notice] 1#1: start worker process 27
2021/12/18 06:48:10 [notice] 1#1: start worker process 28
2021/12/18 06:48:10 [notice] 1#1: start worker process 29
2021/12/18 06:48:10 [notice] 1#1: start worker process 30
2021/12/18 06:49:31 [error] 23#23: *2 open() "/var/www/docker.lab/favicon.ico" failed (2: No such file or directory), client: 172.18.0.1, server: docker.lab, request: "GET /favicon.ico HTTP/1.1", host: "localhost", referrer: "http://localhost/"
2021/12/18 06:53:48 [notice] 24#24: signal 15 (SIGTERM) received, exiting
2021/12/18 06:53:48 [notice] 27#27: signal 15 (SIGTERM) received, exiting
2021/12/18 06:53:48 [notice] 27#27: exiting
2021/12/18 06:53:48 [notice] 28#28: signal 15 (SIGTERM) received, exiting
2021/12/18 06:53:48 [notice] 28#28: exiting
2021/12/18 06:53:48 [notice] 23#23: signal 15 (SIGTERM) received, exiting
2021/12/18 06:53:48 [notice] 23#23: exiting
2021/12/18 06:53:48 [notice] 30#30: signal 15 (SIGTERM) received, exiting
2021/12/18 06:53:48 [notice] 29#29: signal 15 (SIGTERM) received, exiting
2021/12/18 06:53:48 [notice] 29#29: exiting
2021/12/18 06:53:48 [notice] 25#25: signal 15 (SIGTERM) received, exiting
2021/12/18 06:53:48 [notice] 25#25: exiting
2021/12/18 06:53:48 [notice] 1#1: signal 15 (SIGTERM) received, exiting
2021/12/18 06:53:48 [notice] 26#26: signal 15 (SIGTERM) received, exiting
2021/12/18 06:53:48 [notice] 26#26: exiting
2021/12/18 06:53:48 [notice] 24#24: exiting
2021/12/18 06:53:48 [notice] 27#27: exit
2021/12/18 06:53:48 [notice] 28#28: exit
2021/12/18 06:53:48 [notice] 23#23: exit
2021/12/18 06:53:48 [notice] 30#30: exiting
2021/12/18 06:53:48 [notice] 29#29: exit
2021/12/18 06:53:48 [notice] 25#25: exit
2021/12/18 06:53:48 [notice] 26#26: exit
2021/12/18 06:53:48 [notice] 24#24: exit
2021/12/18 06:53:48 [notice] 30#30: exit
2021/12/18 06:53:48 [notice] 1#1: signal 14 (SIGALRM) received
2021/12/18 06:53:48 [notice] 1#1: signal 17 (SIGCHLD) received from 27
2021/12/18 06:53:48 [notice] 1#1: worker process 27 exited with code 0
2021/12/18 06:53:48 [notice] 1#1: signal 29 (SIGIO) received
2021/12/18 06:53:48 [notice] 1#1: signal 17 (SIGCHLD) received from 24
2021/12/18 06:53:48 [notice] 1#1: worker process 24 exited with code 0
2021/12/18 06:53:48 [notice] 1#1: worker process 30 exited with code 0
2021/12/18 06:53:48 [notice] 1#1: signal 29 (SIGIO) received
2021/12/18 06:53:48 [notice] 1#1: signal 17 (SIGCHLD) received from 28
2021/12/18 06:53:48 [notice] 1#1: worker process 23 exited with code 0
2021/12/18 06:53:48 [notice] 1#1: worker process 25 exited with code 0
2021/12/18 06:53:48 [notice] 1#1: worker process 28 exited with code 0
2021/12/18 06:53:48 [notice] 1#1: signal 29 (SIGIO) received
2021/12/18 06:53:48 [notice] 1#1: signal 17 (SIGCHLD) received from 23
2021/12/18 06:53:48 [notice] 1#1: signal 17 (SIGCHLD) received from 29
2021/12/18 06:53:48 [notice] 1#1: worker process 26 exited with code 0
2021/12/18 06:53:48 [notice] 1#1: worker process 29 exited with code 0
2021/12/18 06:53:48 [notice] 1#1: exit
2021/12/18 07:01:04 [notice] 1#1: using the "epoll" event method
2021/12/18 07:01:04 [notice] 1#1: nginx/1.21.4
2021/12/18 07:01:04 [notice] 1#1: built by gcc 10.2.1 20210110 (Debian 10.2.1-6) 
2021/12/18 07:01:04 [notice] 1#1: OS: Linux 5.10.60.1-microsoft-standard-WSL2
2021/12/18 07:01:04 [notice] 1#1: getrlimit(RLIMIT_NOFILE): 1048576:1048576
2021/12/18 07:01:04 [notice] 1#1: start worker processes
2021/12/18 07:01:04 [notice] 1#1: start worker process 23
2021/12/18 07:01:04 [notice] 1#1: start worker process 24
2021/12/18 07:01:04 [notice] 1#1: start worker process 25
2021/12/18 07:01:04 [notice] 1#1: start worker process 26
2021/12/18 07:01:04 [notice] 1#1: start worker process 27
2021/12/18 07:01:04 [notice] 1#1: start worker process 28
2021/12/18 07:01:04 [notice] 1#1: start worker process 29
2021/12/18 07:01:04 [notice] 1#1: start worker process 30
2021/12/18 07:06:30 [error] 23#23: *2 open() "/var/www/docker.lab/favicon.ico" failed (2: No such file or directory), client: 172.18.0.1, server: docker.lab, request: "GET /favicon.ico HTTP/1.1", host: "localhost", referrer: "http://localhost/"
2021/12/18 07:25:13 [error] 23#23: *4 open() "/var/www/docker.lab/favicon.ico" failed (2: No such file or directory), client: 172.18.0.1, server: docker.lab, request: "GET /favicon.ico HTTP/1.1", host: "localhost", referrer: "http://localhost/"
